<?xml version="1.0" encoding="UTF-8"?>
<testsuite xmlns:xsi="http://www.w3.org/2001/XMLSchema-instance" xsi:noNamespaceSchemaLocation="https://maven.apache.org/surefire/maven-surefire-plugin/xsd/surefire-test-report-3.0.xsd" version="3.0" name="CallAddressTest" time="0.089" tests="0" errors="0" skipped="0" failures="0">
  <properties>
    <property name="gopherProxySet" value="false"/>
    <property name="awt.toolkit" value="sun.lwawt.macosx.LWCToolkit"/>
    <property name="java.specification.version" value="11"/>
    <property name="sun.cpu.isalist" value=""/>
    <property name="sun.jnu.encoding" value="UTF-8"/>
    <property name="java.class.path" value="/Users/rkrasowski/uebung_workspace/performance-tests/target/test-classes:/Users/rkrasowski/uebung_workspace/performance-tests/target/classes:/Users/rkrasowski/.m2/repository/io/gatling/highcharts/gatling-charts-highcharts/3.3.1/gatling-charts-highcharts-3.3.1.jar:/Users/rkrasowski/.m2/repository/org/scala-lang/scala-library/2.12.10/scala-library-2.12.10.jar:/Users/rkrasowski/.m2/repository/io/gatling/gatling-charts/3.3.1/gatling-charts-3.3.1.jar:/Users/rkrasowski/.m2/repository/com/tdunning/t-digest/3.1/t-digest-3.1.jar:/Users/rkrasowski/.m2/repository/io/gatling/gatling-http-client/3.3.1/gatling-http-client-3.3.1.jar:/Users/rkrasowski/.m2/repository/io/gatling/gatling-netty-util/3.3.1/gatling-netty-util-3.3.1.jar:/Users/rkrasowski/.m2/repository/io/netty/netty-buffer/4.1.42.Final/netty-buffer-4.1.42.Final.jar:/Users/rkrasowski/.m2/repository/io/netty/netty-handler/4.1.42.Final/netty-handler-4.1.42.Final.jar:/Users/rkrasowski/.m2/repository/io/netty/netty-handler-proxy/4.1.42.Final/netty-handler-proxy-4.1.42.Final.jar:/Users/rkrasowski/.m2/repository/io/netty/netty-codec-socks/4.1.42.Final/netty-codec-socks-4.1.42.Final.jar:/Users/rkrasowski/.m2/repository/io/netty/netty-resolver-dns/4.1.42.Final/netty-resolver-dns-4.1.42.Final.jar:/Users/rkrasowski/.m2/repository/io/netty/netty-resolver/4.1.42.Final/netty-resolver-4.1.42.Final.jar:/Users/rkrasowski/.m2/repository/io/netty/netty-codec-dns/4.1.42.Final/netty-codec-dns-4.1.42.Final.jar:/Users/rkrasowski/.m2/repository/io/netty/netty-transport-native-epoll/4.1.42.Final/netty-transport-native-epoll-4.1.42.Final-linux-x86_64.jar:/Users/rkrasowski/.m2/repository/io/netty/netty-transport-native-unix-common/4.1.42.Final/netty-transport-native-unix-common-4.1.42.Final.jar:/Users/rkrasowski/.m2/repository/io/netty/netty-codec-http2/4.1.42.Final/netty-codec-http2-4.1.42.Final.jar:/Users/rkrasowski/.m2/repository/io/netty/netty-tcnative-boringssl-static/2.0.26.Final/netty-tcnative-boringssl-static-2.0.26.Final.jar:/Users/rkrasowski/.m2/repository/com/sun/activation/javax.activation/1.2.0/javax.activation-1.2.0.jar:/Users/rkrasowski/.m2/repository/org/slf4j/slf4j-api/1.7.28/slf4j-api-1.7.28.jar:/Users/rkrasowski/.m2/repository/com/typesafe/scala-logging/scala-logging_2.12/3.9.2/scala-logging_2.12-3.9.2.jar:/Users/rkrasowski/.m2/repository/ch/qos/logback/logback-classic/1.2.3/logback-classic-1.2.3.jar:/Users/rkrasowski/.m2/repository/ch/qos/logback/logback-core/1.2.3/logback-core-1.2.3.jar:/Users/rkrasowski/.m2/repository/io/gatling/gatling-commons/3.3.1/gatling-commons-3.3.1.jar:/Users/rkrasowski/.m2/repository/org/scala-lang/scala-reflect/2.12.10/scala-reflect-2.12.10.jar:/Users/rkrasowski/.m2/repository/com/typesafe/config/1.4.0/config-1.4.0.jar:/Users/rkrasowski/.m2/repository/io/suzaku/boopickle_2.12/1.3.1/boopickle_2.12-1.3.1.jar:/Users/rkrasowski/.m2/repository/org/typelevel/spire-macros_2.12/0.16.2/spire-macros_2.12-0.16.2.jar:/Users/rkrasowski/.m2/repository/com/softwaremill/quicklens/quicklens_2.12/1.4.12/quicklens_2.12-1.4.12.jar:/Users/rkrasowski/.m2/repository/org/scala-lang/modules/scala-java8-compat_2.12/0.9.0/scala-java8-compat_2.12-0.9.0.jar:/Users/rkrasowski/.m2/repository/com/eatthepath/fast-uuid/0.1/fast-uuid-0.1.jar:/Users/rkrasowski/.m2/repository/io/gatling/gatling-app/3.3.1/gatling-app-3.3.1.jar:/Users/rkrasowski/.m2/repository/io/gatling/gatling-core/3.3.1/gatling-core-3.3.1.jar:/Users/rkrasowski/.m2/repository/com/typesafe/akka/akka-slf4j_2.12/2.5.26/akka-slf4j_2.12-2.5.26.jar:/Users/rkrasowski/.m2/repository/org/simpleflatmapper/lightning-csv/8.0.3/lightning-csv-8.0.3.jar:/Users/rkrasowski/.m2/repository/org/simpleflatmapper/sfm-util/8.0.3/sfm-util-8.0.3.jar:/Users/rkrasowski/.m2/repository/com/github/ben-manes/caffeine/caffeine/2.8.0/caffeine-2.8.0.jar:/Users/rkrasowski/.m2/repository/org/checkerframework/checker-qual/2.10.0/checker-qual-2.10.0.jar:/Users/rkrasowski/.m2/repository/com/google/errorprone/error_prone_annotations/2.3.3/error_prone_annotations-2.3.3.jar:/Users/rkrasowski/.m2/repository/io/pebbletemplates/pebble/3.1.0/pebble-3.1.0.jar:/Users/rkrasowski/.m2/repository/org/unbescape/unbescape/1.1.6.RELEASE/unbescape-1.1.6.RELEASE.jar:/Users/rkrasowski/.m2/repository/org/scala-lang/modules/scala-parser-combinators_2.12/1.1.2/scala-parser-combinators_2.12-1.1.2.jar:/Users/rkrasowski/.m2/repository/com/github/scopt/scopt_2.12/3.7.1/scopt_2.12-3.7.1.jar:/Users/rkrasowski/.m2/repository/io/gatling/jsonpath_2.12/0.7.0/jsonpath_2.12-0.7.0.jar:/Users/rkrasowski/.m2/repository/net/sf/saxon/Saxon-HE/9.9.1-5/Saxon-HE-9.9.1-5.jar:/Users/rkrasowski/.m2/repository/org/jodd/jodd-lagarto/5.0.13/jodd-lagarto-5.0.13.jar:/Users/rkrasowski/.m2/repository/org/jodd/jodd-core/5.0.13/jodd-core-5.0.13.jar:/Users/rkrasowski/.m2/repository/org/jodd/jodd-log/5.0.13/jodd-log-5.0.13.jar:/Users/rkrasowski/.m2/repository/io/burt/jmespath-jackson/0.4.0/jmespath-jackson-0.4.0.jar:/Users/rkrasowski/.m2/repository/io/burt/jmespath-core/0.4.0/jmespath-core-0.4.0.jar:/Users/rkrasowski/.m2/repository/io/gatling/gatling-http/3.3.1/gatling-http-3.3.1.jar:/Users/rkrasowski/.m2/repository/org/scala-lang/modules/scala-xml_2.12/1.2.0/scala-xml_2.12-1.2.0.jar:/Users/rkrasowski/.m2/repository/io/gatling/gatling-jms/3.3.1/gatling-jms-3.3.1.jar:/Users/rkrasowski/.m2/repository/javax/jms/javax.jms-api/2.0.1/javax.jms-api-2.0.1.jar:/Users/rkrasowski/.m2/repository/io/gatling/gatling-jdbc/3.3.1/gatling-jdbc-3.3.1.jar:/Users/rkrasowski/.m2/repository/io/gatling/gatling-redis/3.3.1/gatling-redis-3.3.1.jar:/Users/rkrasowski/.m2/repository/net/debasishg/redisclient_2.12/3.10/redisclient_2.12-3.10.jar:/Users/rkrasowski/.m2/repository/org/apache/commons/commons-pool2/2.6.0/commons-pool2-2.6.0.jar:/Users/rkrasowski/.m2/repository/io/gatling/gatling-graphite/3.3.1/gatling-graphite-3.3.1.jar:/Users/rkrasowski/.m2/repository/org/hdrhistogram/HdrHistogram/2.1.11/HdrHistogram-2.1.11.jar:/Users/rkrasowski/.m2/repository/io/gatling/gatling-recorder/3.3.1/gatling-recorder-3.3.1.jar:/Users/rkrasowski/.m2/repository/org/scala-lang/modules/scala-swing_2.12/2.1.1/scala-swing_2.12-2.1.1.jar:/Users/rkrasowski/.m2/repository/com/fasterxml/jackson/core/jackson-databind/2.10.0/jackson-databind-2.10.0.jar:/Users/rkrasowski/.m2/repository/com/fasterxml/jackson/core/jackson-annotations/2.10.0/jackson-annotations-2.10.0.jar:/Users/rkrasowski/.m2/repository/com/fasterxml/jackson/core/jackson-core/2.10.0/jackson-core-2.10.0.jar:/Users/rkrasowski/.m2/repository/org/json4s/json4s-jackson_2.12/3.6.7/json4s-jackson_2.12-3.6.7.jar:/Users/rkrasowski/.m2/repository/org/json4s/json4s-core_2.12/3.6.7/json4s-core_2.12-3.6.7.jar:/Users/rkrasowski/.m2/repository/org/json4s/json4s-ast_2.12/3.6.7/json4s-ast_2.12-3.6.7.jar:/Users/rkrasowski/.m2/repository/org/json4s/json4s-scalap_2.12/3.6.7/json4s-scalap_2.12-3.6.7.jar:/Users/rkrasowski/.m2/repository/com/thoughtworks/paranamer/paranamer/2.8/paranamer-2.8.jar:/Users/rkrasowski/.m2/repository/org/bouncycastle/bcpkix-jdk15on/1.64/bcpkix-jdk15on-1.64.jar:/Users/rkrasowski/.m2/repository/org/bouncycastle/bcprov-jdk15on/1.64/bcprov-jdk15on-1.64.jar:/Users/rkrasowski/.m2/repository/io/netty/netty-codec-http/4.1.42.Final/netty-codec-http-4.1.42.Final.jar:/Users/rkrasowski/.m2/repository/io/netty/netty-common/4.1.42.Final/netty-common-4.1.42.Final.jar:/Users/rkrasowski/.m2/repository/io/netty/netty-transport/4.1.42.Final/netty-transport-4.1.42.Final.jar:/Users/rkrasowski/.m2/repository/io/netty/netty-codec/4.1.42.Final/netty-codec-4.1.42.Final.jar:/Users/rkrasowski/.m2/repository/com/typesafe/akka/akka-actor_2.12/2.5.26/akka-actor_2.12-2.5.26.jar:"/>
    <property name="java.vm.vendor" value="Oracle Corporation"/>
    <property name="sun.arch.data.model" value="64"/>
    <property name="java.vendor.url" value="http://java.oracle.com/"/>
    <property name="user.timezone" value=""/>
    <property name="java.vm.specification.version" value="11"/>
    <property name="os.name" value="Mac OS X"/>
    <property name="sun.java.launcher" value="SUN_STANDARD"/>
    <property name="user.country" value="DE"/>
    <property name="sun.boot.library.path" value="/Library/Java/JavaVirtualMachines/jdk-11.0.6.jdk/Contents/Home/lib"/>
    <property name="sun.java.command" value="/Users/rkrasowski/uebung_workspace/performance-tests/target/surefire/surefirebooter16700139416318554448.jar /Users/rkrasowski/uebung_workspace/performance-tests/target/surefire 2020-07-23T14-29-02_852-jvmRun1 surefire4757257651992417546tmp surefire_015450356621983688662tmp"/>
    <property name="http.nonProxyHosts" value="local|*.local|169.254/16|*.169.254/16"/>
    <property name="jdk.debug" value="release"/>
    <property name="surefire.test.class.path" value="/Users/rkrasowski/uebung_workspace/performance-tests/target/test-classes:/Users/rkrasowski/uebung_workspace/performance-tests/target/classes:/Users/rkrasowski/.m2/repository/io/gatling/highcharts/gatling-charts-highcharts/3.3.1/gatling-charts-highcharts-3.3.1.jar:/Users/rkrasowski/.m2/repository/org/scala-lang/scala-library/2.12.10/scala-library-2.12.10.jar:/Users/rkrasowski/.m2/repository/io/gatling/gatling-charts/3.3.1/gatling-charts-3.3.1.jar:/Users/rkrasowski/.m2/repository/com/tdunning/t-digest/3.1/t-digest-3.1.jar:/Users/rkrasowski/.m2/repository/io/gatling/gatling-http-client/3.3.1/gatling-http-client-3.3.1.jar:/Users/rkrasowski/.m2/repository/io/gatling/gatling-netty-util/3.3.1/gatling-netty-util-3.3.1.jar:/Users/rkrasowski/.m2/repository/io/netty/netty-buffer/4.1.42.Final/netty-buffer-4.1.42.Final.jar:/Users/rkrasowski/.m2/repository/io/netty/netty-handler/4.1.42.Final/netty-handler-4.1.42.Final.jar:/Users/rkrasowski/.m2/repository/io/netty/netty-handler-proxy/4.1.42.Final/netty-handler-proxy-4.1.42.Final.jar:/Users/rkrasowski/.m2/repository/io/netty/netty-codec-socks/4.1.42.Final/netty-codec-socks-4.1.42.Final.jar:/Users/rkrasowski/.m2/repository/io/netty/netty-resolver-dns/4.1.42.Final/netty-resolver-dns-4.1.42.Final.jar:/Users/rkrasowski/.m2/repository/io/netty/netty-resolver/4.1.42.Final/netty-resolver-4.1.42.Final.jar:/Users/rkrasowski/.m2/repository/io/netty/netty-codec-dns/4.1.42.Final/netty-codec-dns-4.1.42.Final.jar:/Users/rkrasowski/.m2/repository/io/netty/netty-transport-native-epoll/4.1.42.Final/netty-transport-native-epoll-4.1.42.Final-linux-x86_64.jar:/Users/rkrasowski/.m2/repository/io/netty/netty-transport-native-unix-common/4.1.42.Final/netty-transport-native-unix-common-4.1.42.Final.jar:/Users/rkrasowski/.m2/repository/io/netty/netty-codec-http2/4.1.42.Final/netty-codec-http2-4.1.42.Final.jar:/Users/rkrasowski/.m2/repository/io/netty/netty-tcnative-boringssl-static/2.0.26.Final/netty-tcnative-boringssl-static-2.0.26.Final.jar:/Users/rkrasowski/.m2/repository/com/sun/activation/javax.activation/1.2.0/javax.activation-1.2.0.jar:/Users/rkrasowski/.m2/repository/org/slf4j/slf4j-api/1.7.28/slf4j-api-1.7.28.jar:/Users/rkrasowski/.m2/repository/com/typesafe/scala-logging/scala-logging_2.12/3.9.2/scala-logging_2.12-3.9.2.jar:/Users/rkrasowski/.m2/repository/ch/qos/logback/logback-classic/1.2.3/logback-classic-1.2.3.jar:/Users/rkrasowski/.m2/repository/ch/qos/logback/logback-core/1.2.3/logback-core-1.2.3.jar:/Users/rkrasowski/.m2/repository/io/gatling/gatling-commons/3.3.1/gatling-commons-3.3.1.jar:/Users/rkrasowski/.m2/repository/org/scala-lang/scala-reflect/2.12.10/scala-reflect-2.12.10.jar:/Users/rkrasowski/.m2/repository/com/typesafe/config/1.4.0/config-1.4.0.jar:/Users/rkrasowski/.m2/repository/io/suzaku/boopickle_2.12/1.3.1/boopickle_2.12-1.3.1.jar:/Users/rkrasowski/.m2/repository/org/typelevel/spire-macros_2.12/0.16.2/spire-macros_2.12-0.16.2.jar:/Users/rkrasowski/.m2/repository/com/softwaremill/quicklens/quicklens_2.12/1.4.12/quicklens_2.12-1.4.12.jar:/Users/rkrasowski/.m2/repository/org/scala-lang/modules/scala-java8-compat_2.12/0.9.0/scala-java8-compat_2.12-0.9.0.jar:/Users/rkrasowski/.m2/repository/com/eatthepath/fast-uuid/0.1/fast-uuid-0.1.jar:/Users/rkrasowski/.m2/repository/io/gatling/gatling-app/3.3.1/gatling-app-3.3.1.jar:/Users/rkrasowski/.m2/repository/io/gatling/gatling-core/3.3.1/gatling-core-3.3.1.jar:/Users/rkrasowski/.m2/repository/com/typesafe/akka/akka-slf4j_2.12/2.5.26/akka-slf4j_2.12-2.5.26.jar:/Users/rkrasowski/.m2/repository/org/simpleflatmapper/lightning-csv/8.0.3/lightning-csv-8.0.3.jar:/Users/rkrasowski/.m2/repository/org/simpleflatmapper/sfm-util/8.0.3/sfm-util-8.0.3.jar:/Users/rkrasowski/.m2/repository/com/github/ben-manes/caffeine/caffeine/2.8.0/caffeine-2.8.0.jar:/Users/rkrasowski/.m2/repository/org/checkerframework/checker-qual/2.10.0/checker-qual-2.10.0.jar:/Users/rkrasowski/.m2/repository/com/google/errorprone/error_prone_annotations/2.3.3/error_prone_annotations-2.3.3.jar:/Users/rkrasowski/.m2/repository/io/pebbletemplates/pebble/3.1.0/pebble-3.1.0.jar:/Users/rkrasowski/.m2/repository/org/unbescape/unbescape/1.1.6.RELEASE/unbescape-1.1.6.RELEASE.jar:/Users/rkrasowski/.m2/repository/org/scala-lang/modules/scala-parser-combinators_2.12/1.1.2/scala-parser-combinators_2.12-1.1.2.jar:/Users/rkrasowski/.m2/repository/com/github/scopt/scopt_2.12/3.7.1/scopt_2.12-3.7.1.jar:/Users/rkrasowski/.m2/repository/io/gatling/jsonpath_2.12/0.7.0/jsonpath_2.12-0.7.0.jar:/Users/rkrasowski/.m2/repository/net/sf/saxon/Saxon-HE/9.9.1-5/Saxon-HE-9.9.1-5.jar:/Users/rkrasowski/.m2/repository/org/jodd/jodd-lagarto/5.0.13/jodd-lagarto-5.0.13.jar:/Users/rkrasowski/.m2/repository/org/jodd/jodd-core/5.0.13/jodd-core-5.0.13.jar:/Users/rkrasowski/.m2/repository/org/jodd/jodd-log/5.0.13/jodd-log-5.0.13.jar:/Users/rkrasowski/.m2/repository/io/burt/jmespath-jackson/0.4.0/jmespath-jackson-0.4.0.jar:/Users/rkrasowski/.m2/repository/io/burt/jmespath-core/0.4.0/jmespath-core-0.4.0.jar:/Users/rkrasowski/.m2/repository/io/gatling/gatling-http/3.3.1/gatling-http-3.3.1.jar:/Users/rkrasowski/.m2/repository/org/scala-lang/modules/scala-xml_2.12/1.2.0/scala-xml_2.12-1.2.0.jar:/Users/rkrasowski/.m2/repository/io/gatling/gatling-jms/3.3.1/gatling-jms-3.3.1.jar:/Users/rkrasowski/.m2/repository/javax/jms/javax.jms-api/2.0.1/javax.jms-api-2.0.1.jar:/Users/rkrasowski/.m2/repository/io/gatling/gatling-jdbc/3.3.1/gatling-jdbc-3.3.1.jar:/Users/rkrasowski/.m2/repository/io/gatling/gatling-redis/3.3.1/gatling-redis-3.3.1.jar:/Users/rkrasowski/.m2/repository/net/debasishg/redisclient_2.12/3.10/redisclient_2.12-3.10.jar:/Users/rkrasowski/.m2/repository/org/apache/commons/commons-pool2/2.6.0/commons-pool2-2.6.0.jar:/Users/rkrasowski/.m2/repository/io/gatling/gatling-graphite/3.3.1/gatling-graphite-3.3.1.jar:/Users/rkrasowski/.m2/repository/org/hdrhistogram/HdrHistogram/2.1.11/HdrHistogram-2.1.11.jar:/Users/rkrasowski/.m2/repository/io/gatling/gatling-recorder/3.3.1/gatling-recorder-3.3.1.jar:/Users/rkrasowski/.m2/repository/org/scala-lang/modules/scala-swing_2.12/2.1.1/scala-swing_2.12-2.1.1.jar:/Users/rkrasowski/.m2/repository/com/fasterxml/jackson/core/jackson-databind/2.10.0/jackson-databind-2.10.0.jar:/Users/rkrasowski/.m2/repository/com/fasterxml/jackson/core/jackson-annotations/2.10.0/jackson-annotations-2.10.0.jar:/Users/rkrasowski/.m2/repository/com/fasterxml/jackson/core/jackson-core/2.10.0/jackson-core-2.10.0.jar:/Users/rkrasowski/.m2/repository/org/json4s/json4s-jackson_2.12/3.6.7/json4s-jackson_2.12-3.6.7.jar:/Users/rkrasowski/.m2/repository/org/json4s/json4s-core_2.12/3.6.7/json4s-core_2.12-3.6.7.jar:/Users/rkrasowski/.m2/repository/org/json4s/json4s-ast_2.12/3.6.7/json4s-ast_2.12-3.6.7.jar:/Users/rkrasowski/.m2/repository/org/json4s/json4s-scalap_2.12/3.6.7/json4s-scalap_2.12-3.6.7.jar:/Users/rkrasowski/.m2/repository/com/thoughtworks/paranamer/paranamer/2.8/paranamer-2.8.jar:/Users/rkrasowski/.m2/repository/org/bouncycastle/bcpkix-jdk15on/1.64/bcpkix-jdk15on-1.64.jar:/Users/rkrasowski/.m2/repository/org/bouncycastle/bcprov-jdk15on/1.64/bcprov-jdk15on-1.64.jar:/Users/rkrasowski/.m2/repository/io/netty/netty-codec-http/4.1.42.Final/netty-codec-http-4.1.42.Final.jar:/Users/rkrasowski/.m2/repository/io/netty/netty-common/4.1.42.Final/netty-common-4.1.42.Final.jar:/Users/rkrasowski/.m2/repository/io/netty/netty-transport/4.1.42.Final/netty-transport-4.1.42.Final.jar:/Users/rkrasowski/.m2/repository/io/netty/netty-codec/4.1.42.Final/netty-codec-4.1.42.Final.jar:/Users/rkrasowski/.m2/repository/com/typesafe/akka/akka-actor_2.12/2.5.26/akka-actor_2.12-2.5.26.jar:"/>
    <property name="sun.cpu.endian" value="little"/>
    <property name="user.home" value="/Users/rkrasowski"/>
    <property name="user.language" value="de"/>
    <property name="java.specification.vendor" value="Oracle Corporation"/>
    <property name="java.version.date" value="2020-01-14"/>
    <property name="java.home" value="/Library/Java/JavaVirtualMachines/jdk-11.0.6.jdk/Contents/Home"/>
    <property name="file.separator" value="/"/>
    <property name="basedir" value="/Users/rkrasowski/uebung_workspace/performance-tests"/>
    <property name="java.vm.compressedOopsMode" value="Zero based"/>
    <property name="line.separator" value="&#10;"/>
    <property name="java.specification.name" value="Java Platform API Specification"/>
    <property name="java.vm.specification.vendor" value="Oracle Corporation"/>
    <property name="java.awt.graphicsenv" value="sun.awt.CGraphicsEnvironment"/>
    <property name="surefire.real.class.path" value="/Users/rkrasowski/uebung_workspace/performance-tests/target/surefire/surefirebooter16700139416318554448.jar"/>
    <property name="sun.management.compiler" value="HotSpot 64-Bit Tiered Compilers"/>
    <property name="ftp.nonProxyHosts" value="local|*.local|169.254/16|*.169.254/16"/>
    <property name="java.runtime.version" value="11.0.6+8-LTS"/>
    <property name="user.name" value="rkrasowski"/>
    <property name="path.separator" value=":"/>
    <property name="os.version" value="10.14.6"/>
    <property name="java.runtime.name" value="Java(TM) SE Runtime Environment"/>
    <property name="file.encoding" value="UTF-8"/>
    <property name="java.vm.name" value="Java HotSpot(TM) 64-Bit Server VM"/>
    <property name="java.vendor.version" value="18.9"/>
    <property name="localRepository" value="/Users/rkrasowski/.m2/repository"/>
    <property name="java.vendor.url.bug" value="http://bugreport.java.com/bugreport/"/>
    <property name="java.io.tmpdir" value="/var/folders/4m/jqk6n5vn45scykj5x79tjc0h0000gn/T/"/>
    <property name="java.version" value="11.0.6"/>
    <property name="user.dir" value="/Users/rkrasowski/uebung_workspace/performance-tests"/>
    <property name="os.arch" value="x86_64"/>
    <property name="java.vm.specification.name" value="Java Virtual Machine Specification"/>
    <property name="java.awt.printerjob" value="sun.lwawt.macosx.CPrinterJob"/>
    <property name="sun.os.patch.level" value="unknown"/>
    <property name="java.library.path" value="/Users/rkrasowski/Library/Java/Extensions:/Library/Java/Extensions:/Network/Library/Java/Extensions:/System/Library/Java/Extensions:/usr/lib/java:."/>
    <property name="java.vendor" value="Oracle Corporation"/>
    <property name="java.vm.info" value="mixed mode"/>
    <property name="java.vm.version" value="11.0.6+8-LTS"/>
    <property name="sun.io.unicode.encoding" value="UnicodeBig"/>
    <property name="java.class.version" value="55.0"/>
    <property name="socksNonProxyHosts" value="local|*.local|169.254/16|*.169.254/16"/>
  </properties>
</testsuite>